<?xml version="1.0" encoding="UTF-8"?>
<!-- Generated by org.testng.reporters.JUnitXMLReporter -->
<testsuite ignored="0" hostname="LAPTOP-CNDP6MT4" failures="0" tests="13" name="Test" time="59.099" errors="0" timestamp="22 Aug 2024 12:55:18 GMT">
  <testcase classname="org.execution.TC01_AdactinLoginPage" name="Browserlaunch" time="9.895"/>
  <testcase classname="org.execution.TC02_AdactinSearchHotelPage" name="Validate_SearchHotelPage" time="0.083"/>
  <testcase classname="org.execution.TC03_AdactinSelectHotel" name="SelectHotel" time="0.041"/>
  <testcase classname="org.execution.TC04_AdactinBookHotel" name="Validate_Bookhotel" time="0.027"/>
  <testcase classname="org.execution.TC05_AdactinBookingConfirmation" name="Validate_BookingConfirmation" time="0.031"/>
  <testcase classname="org.execution.TC06_AdactinBookedItinerary" name="Validate_BookedItinerary" time="6.37"/>
  <testcase classname="org.execution.TC01_AdactinLoginPage" name="ValidateLoginPage" time="0.509"/>
  <testcase classname="org.execution.TC02_AdactinSearchHotelPage" name="SelectHotel_Details" time="4.607"/>
  <testcase classname="org.execution.TC03_AdactinSelectHotel" name="SelectAndContinue" time="6.709"/>
  <testcase classname="org.execution.TC04_AdactinBookHotel" name="BookHotelDetails" time="11.241"/>
  <testcase classname="org.execution.TC05_AdactinBookingConfirmation" name="BookingConfirmation" time="6.988"/>
  <testcase classname="org.execution.TC06_AdactinBookedItinerary" name="CancelBookedRooms" time="9.277"/>
  <testcase classname="org.execution.TC07_AdactinLoginAgain" name="AgainLogin" time="3.263"/>
</testsuite> <!-- Test -->
