<?xml version="1.0" encoding="UTF-8"?>
<!-- Generated by org.testng.reporters.JUnitXMLReporter -->
<testsuite ignored="0" hostname="LAPTOP-CNDP6MT4" failures="0" tests="13" name="Default test" time="86.009" errors="0" timestamp="04 Oct 2024 09:04:31 GMT">
  <testcase classname="org.execution.TC01_BrowserLaunch" name="LaunchBrowser" time="9.197"/>
  <testcase classname="org.execution.TC01_BrowserLaunch" name="ValidateLoginPage" time="0.14"/>
  <testcase classname="org.execution.TC02_LoginPage" name="Validate_Login_page" time="0.226"/>
  <testcase classname="org.execution.TC02_LoginPage" name="EnterCredentials" time="20.398"/>
  <testcase classname="org.execution.TC03_FictionBooksPage" name="ValidateFictionPage" time="1.435"/>
  <testcase classname="org.execution.TC04_BiharDiariesPage" name="ValidateBiharDiariesPage" time="0.116"/>
  <testcase classname="org.execution.TC04_BiharDiariesPage" name="AddToCart" time="2.913"/>
  <testcase classname="org.execution.TC05_AgainFictionBooksPage" name="ValidateFictionPageAgain" time="0.063"/>
  <testcase classname="org.execution.TC05_AgainFictionBooksPage" name="AddBooksToCart" time="13.821"/>
  <testcase classname="org.execution.TC06_CartPage" name="CartPage" time="6.367"/>
  <testcase classname="org.execution.TC07_ShipingPage" name="Validate_Shpping_page" time="5.094"/>
  <testcase classname="org.execution.TC07_ShipingPage" name="EnterShippingDetails" time="23.991"/>
  <testcase classname="org.execution.TC08_AgainLoginPage" name="ValidateHomePage" time="2.17"/>
</testsuite> <!-- Default test -->
