<?xml version="1.0" encoding="UTF-8"?>
<testng-results ignored="0" total="13" passed="13" failed="0" skipped="0">
  <reporter-output>
  </reporter-output>
  <suite started-at="2024-08-18T13:09:17Z" name="Suite" finished-at="2024-08-18T13:10:32Z" duration-ms="75089">
    <groups>
    </groups>
    <test started-at="2024-08-18T13:09:17Z" name="Test" finished-at="2024-08-18T13:10:32Z" duration-ms="75089">
      <class name="org.execution.TC03_FictionBooksPage">
        <test-method signature="ValidateFictionPage()[pri:5, instance:org.execution.TC03_FictionBooksPage@7d446ed1]" started-at="2024-08-18T13:09:39Z" name="ValidateFictionPage" finished-at="2024-08-18T13:09:40Z" duration-ms="991" status="PASS">
          <reporter-output>
          </reporter-output>
        </test-method> <!-- ValidateFictionPage -->
      </class> <!-- org.execution.TC03_FictionBooksPage -->
      <class name="org.execution.TC04_BiharDiariesPage">
        <test-method signature="ValidateBiharDiariesPage()[pri:6, instance:org.execution.TC04_BiharDiariesPage@12d2ce03]" started-at="2024-08-18T13:09:40Z" name="ValidateBiharDiariesPage" finished-at="2024-08-18T13:09:40Z" duration-ms="112" status="PASS">
          <reporter-output>
          </reporter-output>
        </test-method> <!-- ValidateBiharDiariesPage -->
        <test-method signature="AddToCart()[pri:7, instance:org.execution.TC04_BiharDiariesPage@12d2ce03]" started-at="2024-08-18T13:09:40Z" name="AddToCart" finished-at="2024-08-18T13:09:42Z" duration-ms="2570" status="PASS">
          <reporter-output>
          </reporter-output>
        </test-method> <!-- AddToCart -->
      </class> <!-- org.execution.TC04_BiharDiariesPage -->
      <class name="org.execution.TC05_AgainFictionBooksPage">
        <test-method signature="ValidateFictionPageAgain()[pri:8, instance:org.execution.TC05_AgainFictionBooksPage@7e5c856f]" started-at="2024-08-18T13:09:42Z" name="ValidateFictionPageAgain" finished-at="2024-08-18T13:09:43Z" duration-ms="63" status="PASS">
          <reporter-output>
          </reporter-output>
        </test-method> <!-- ValidateFictionPageAgain -->
        <test-method signature="AddBooksToCart()[pri:9, instance:org.execution.TC05_AgainFictionBooksPage@7e5c856f]" started-at="2024-08-18T13:09:43Z" name="AddBooksToCart" finished-at="2024-08-18T13:09:56Z" duration-ms="13200" status="PASS">
          <reporter-output>
          </reporter-output>
        </test-method> <!-- AddBooksToCart -->
      </class> <!-- org.execution.TC05_AgainFictionBooksPage -->
      <class name="org.execution.TC08_AgainLoginPage">
        <test-method signature="ValidateHomePage()[pri:13, instance:org.execution.TC08_AgainLoginPage@1b75c2e3]" started-at="2024-08-18T13:10:30Z" name="ValidateHomePage" finished-at="2024-08-18T13:10:32Z" duration-ms="1363" status="PASS">
          <reporter-output>
          </reporter-output>
        </test-method> <!-- ValidateHomePage -->
      </class> <!-- org.execution.TC08_AgainLoginPage -->
      <class name="org.execution.TC07_ShipingPage">
        <test-method signature="Validate_Shpping_page()[pri:11, instance:org.execution.TC07_ShipingPage@1f53a5dc]" started-at="2024-08-18T13:10:02Z" name="Validate_Shpping_page" finished-at="2024-08-18T13:10:07Z" duration-ms="5072" status="PASS">
          <reporter-output>
          </reporter-output>
        </test-method> <!-- Validate_Shpping_page -->
        <test-method signature="EnterShippingDetails()[pri:12, instance:org.execution.TC07_ShipingPage@1f53a5dc]" started-at="2024-08-18T13:10:07Z" name="EnterShippingDetails" finished-at="2024-08-18T13:10:30Z" duration-ms="23288" status="PASS">
          <reporter-output>
          </reporter-output>
        </test-method> <!-- EnterShippingDetails -->
      </class> <!-- org.execution.TC07_ShipingPage -->
      <class name="org.execution.TC06_CartPage">
        <test-method signature="CartPage()[pri:10, instance:org.execution.TC06_CartPage@413f69cc]" started-at="2024-08-18T13:09:56Z" name="CartPage" finished-at="2024-08-18T13:10:02Z" duration-ms="6221" status="PASS">
          <reporter-output>
          </reporter-output>
        </test-method> <!-- CartPage -->
      </class> <!-- org.execution.TC06_CartPage -->
      <class name="org.execution.TC01_BrowserLaunch">
        <test-method signature="LaunchBrowser()[pri:1, instance:org.execution.TC01_BrowserLaunch@1efe439d]" started-at="2024-08-18T13:09:17Z" name="LaunchBrowser" finished-at="2024-08-18T13:09:23Z" duration-ms="6677" status="PASS">
          <reporter-output>
          </reporter-output>
        </test-method> <!-- LaunchBrowser -->
        <test-method signature="ValidateLoginPage()[pri:2, instance:org.execution.TC01_BrowserLaunch@1efe439d]" started-at="2024-08-18T13:09:23Z" name="ValidateLoginPage" finished-at="2024-08-18T13:09:23Z" duration-ms="65" status="PASS">
          <reporter-output>
          </reporter-output>
        </test-method> <!-- ValidateLoginPage -->
      </class> <!-- org.execution.TC01_BrowserLaunch -->
      <class name="org.execution.TC02_LoginPage">
        <test-method signature="Validate_Login_page()[pri:3, instance:org.execution.TC02_LoginPage@be68757]" started-at="2024-08-18T13:09:23Z" name="Validate_Login_page" finished-at="2024-08-18T13:09:23Z" duration-ms="56" status="PASS">
          <reporter-output>
          </reporter-output>
        </test-method> <!-- Validate_Login_page -->
        <test-method signature="EnterCredentials()[pri:4, instance:org.execution.TC02_LoginPage@be68757]" started-at="2024-08-18T13:09:23Z" name="EnterCredentials" finished-at="2024-08-18T13:09:39Z" duration-ms="15378" status="PASS">
          <reporter-output>
          </reporter-output>
        </test-method> <!-- EnterCredentials -->
      </class> <!-- org.execution.TC02_LoginPage -->
    </test> <!-- Test -->
  </suite> <!-- Suite -->
</testng-results>
