<?xml version="1.0" encoding="UTF-8"?>
<!-- Generated by org.testng.reporters.JUnitXMLReporter -->
<testsuite ignored="0" hostname="LAPTOP-CNDP6MT4" failures="1" tests="1" name="Test" time="0.796" errors="0" timestamp="28 Aug 2024 15:42:14 GMT">
  <testcase classname="org.pet.Sample1" name="tc0" time="0.739">
    <failure type="java.lang.IllegalArgumentException" message="Cannot serialize because no JSON or XML serializer found in classpath.">
      <![CDATA[java.lang.IllegalArgumentException: Cannot serialize because no JSON or XML serializer found in classpath.
at org.codehaus.groovy.runtime.callsite.ConstructorSite$ConstructorSiteNoUnwrapNoCoerce.callConstructor(ConstructorSite.java:108)
at org.codehaus.groovy.runtime.callsite.CallSiteArray.defaultCallConstructor(CallSiteArray.java:57)
at org.codehaus.groovy.runtime.callsite.AbstractCallSite.callConstructor(AbstractCallSite.java:263)
at org.codehaus.groovy.runtime.callsite.AbstractCallSite.callConstructor(AbstractCallSite.java:277)
at io.restassured.internal.mapping.ObjectMapping.serialize(ObjectMapping.groovy:149)
at io.restassured.internal.mapping.ObjectMapping$serialize.call(Unknown Source)
at org.codehaus.groovy.runtime.callsite.CallSiteArray.defaultCall(CallSiteArray.java:45)
at org.codehaus.groovy.runtime.callsite.AbstractCallSite.call(AbstractCallSite.java:125)
at io.restassured.internal.RequestSpecificationImpl.body(RequestSpecificationImpl.groovy:770)
at org.pet.Sample1.tc0(Sample1.java:22)
... Removed 30 stack frames]]>
    </failure>
  </testcase> <!-- tc0 -->
</testsuite> <!-- Test -->
