<?xml version="1.0" encoding="UTF-8"?>
<testng-results ignored="0" total="13" passed="13" failed="0" skipped="0">
  <reporter-output>
  </reporter-output>
  <suite started-at="2024-10-04T09:03:05Z" name="Default suite" finished-at="2024-10-04T09:04:31Z" duration-ms="86009">
    <groups>
    </groups>
    <test started-at="2024-10-04T09:03:05Z" name="Default test" finished-at="2024-10-04T09:04:31Z" duration-ms="86009">
      <class name="org.execution.TC03_FictionBooksPage">
        <test-method signature="ValidateFictionPage()[pri:5, instance:org.execution.TC03_FictionBooksPage@31ff43be]" started-at="2024-10-04T09:03:35Z" name="ValidateFictionPage" finished-at="2024-10-04T09:03:36Z" duration-ms="1435" status="PASS">
          <reporter-output>
          </reporter-output>
        </test-method> <!-- ValidateFictionPage -->
      </class> <!-- org.execution.TC03_FictionBooksPage -->
      <class name="org.execution.TC04_BiharDiariesPage">
        <test-method signature="ValidateBiharDiariesPage()[pri:6, instance:org.execution.TC04_BiharDiariesPage@5b6ec132]" started-at="2024-10-04T09:03:36Z" name="ValidateBiharDiariesPage" finished-at="2024-10-04T09:03:36Z" duration-ms="116" status="PASS">
          <reporter-output>
          </reporter-output>
        </test-method> <!-- ValidateBiharDiariesPage -->
        <test-method signature="AddToCart()[pri:7, instance:org.execution.TC04_BiharDiariesPage@5b6ec132]" started-at="2024-10-04T09:03:36Z" name="AddToCart" finished-at="2024-10-04T09:03:39Z" duration-ms="2913" status="PASS">
          <reporter-output>
          </reporter-output>
        </test-method> <!-- AddToCart -->
      </class> <!-- org.execution.TC04_BiharDiariesPage -->
      <class name="org.execution.TC05_AgainFictionBooksPage">
        <test-method signature="ValidateFictionPageAgain()[pri:8, instance:org.execution.TC05_AgainFictionBooksPage@132e0cc]" started-at="2024-10-04T09:03:39Z" name="ValidateFictionPageAgain" finished-at="2024-10-04T09:03:39Z" duration-ms="63" status="PASS">
          <reporter-output>
          </reporter-output>
        </test-method> <!-- ValidateFictionPageAgain -->
        <test-method signature="AddBooksToCart()[pri:9, instance:org.execution.TC05_AgainFictionBooksPage@132e0cc]" started-at="2024-10-04T09:03:39Z" name="AddBooksToCart" finished-at="2024-10-04T09:03:53Z" duration-ms="13821" status="PASS">
          <reporter-output>
          </reporter-output>
        </test-method> <!-- AddBooksToCart -->
      </class> <!-- org.execution.TC05_AgainFictionBooksPage -->
      <class name="org.execution.TC08_AgainLoginPage">
        <test-method signature="ValidateHomePage()[pri:13, instance:org.execution.TC08_AgainLoginPage@7b205dbd]" started-at="2024-10-04T09:04:29Z" name="ValidateHomePage" finished-at="2024-10-04T09:04:31Z" duration-ms="2170" status="PASS">
          <reporter-output>
          </reporter-output>
        </test-method> <!-- ValidateHomePage -->
      </class> <!-- org.execution.TC08_AgainLoginPage -->
      <class name="org.execution.TC07_ShipingPage">
        <test-method signature="Validate_Shpping_page()[pri:11, instance:org.execution.TC07_ShipingPage@5c44c582]" started-at="2024-10-04T09:04:00Z" name="Validate_Shpping_page" finished-at="2024-10-04T09:04:05Z" duration-ms="5094" status="PASS">
          <reporter-output>
          </reporter-output>
        </test-method> <!-- Validate_Shpping_page -->
        <test-method signature="EnterShippingDetails()[pri:12, instance:org.execution.TC07_ShipingPage@5c44c582]" started-at="2024-10-04T09:04:05Z" name="EnterShippingDetails" finished-at="2024-10-04T09:04:29Z" duration-ms="23991" status="PASS">
          <reporter-output>
          </reporter-output>
        </test-method> <!-- EnterShippingDetails -->
      </class> <!-- org.execution.TC07_ShipingPage -->
      <class name="org.execution.TC06_CartPage">
        <test-method signature="CartPage()[pri:10, instance:org.execution.TC06_CartPage@67d18ed7]" started-at="2024-10-04T09:03:53Z" name="CartPage" finished-at="2024-10-04T09:04:00Z" duration-ms="6367" status="PASS">
          <reporter-output>
          </reporter-output>
        </test-method> <!-- CartPage -->
      </class> <!-- org.execution.TC06_CartPage -->
      <class name="org.execution.TC02_LoginPage">
        <test-method signature="Validate_Login_page()[pri:3, instance:org.execution.TC02_LoginPage@2c78d320]" started-at="2024-10-04T09:03:14Z" name="Validate_Login_page" finished-at="2024-10-04T09:03:14Z" duration-ms="226" status="PASS">
          <reporter-output>
          </reporter-output>
        </test-method> <!-- Validate_Login_page -->
        <test-method signature="EnterCredentials()[pri:4, instance:org.execution.TC02_LoginPage@2c78d320]" started-at="2024-10-04T09:03:14Z" name="EnterCredentials" finished-at="2024-10-04T09:03:35Z" duration-ms="20398" status="PASS">
          <reporter-output>
          </reporter-output>
        </test-method> <!-- EnterCredentials -->
      </class> <!-- org.execution.TC02_LoginPage -->
      <class name="org.execution.TC01_BrowserLaunch">
        <test-method signature="LaunchBrowser()[pri:1, instance:org.execution.TC01_BrowserLaunch@106cc338]" started-at="2024-10-04T09:03:05Z" name="LaunchBrowser" finished-at="2024-10-04T09:03:14Z" duration-ms="9197" status="PASS">
          <reporter-output>
          </reporter-output>
        </test-method> <!-- LaunchBrowser -->
        <test-method signature="ValidateLoginPage()[pri:2, instance:org.execution.TC01_BrowserLaunch@106cc338]" started-at="2024-10-04T09:03:14Z" name="ValidateLoginPage" finished-at="2024-10-04T09:03:14Z" duration-ms="140" status="PASS">
          <reporter-output>
          </reporter-output>
        </test-method> <!-- ValidateLoginPage -->
      </class> <!-- org.execution.TC01_BrowserLaunch -->
    </test> <!-- Default test -->
  </suite> <!-- Default suite -->
</testng-results>
