<?xml version="1.0" encoding="UTF-8"?>
<!-- Generated by org.testng.reporters.JUnitXMLReporter -->
<testsuite ignored="0" hostname="LAPTOP-CNDP6MT4" failures="0" tests="13" name="Test" time="75.089" errors="0" timestamp="18 Aug 2024 13:10:32 GMT">
  <testcase classname="org.execution.TC01_BrowserLaunch" name="LaunchBrowser" time="6.677"/>
  <testcase classname="org.execution.TC01_BrowserLaunch" name="ValidateLoginPage" time="0.065"/>
  <testcase classname="org.execution.TC02_LoginPage" name="Validate_Login_page" time="0.056"/>
  <testcase classname="org.execution.TC02_LoginPage" name="EnterCredentials" time="15.378"/>
  <testcase classname="org.execution.TC03_FictionBooksPage" name="ValidateFictionPage" time="0.991"/>
  <testcase classname="org.execution.TC04_BiharDiariesPage" name="ValidateBiharDiariesPage" time="0.112"/>
  <testcase classname="org.execution.TC04_BiharDiariesPage" name="AddToCart" time="2.57"/>
  <testcase classname="org.execution.TC05_AgainFictionBooksPage" name="ValidateFictionPageAgain" time="0.063"/>
  <testcase classname="org.execution.TC05_AgainFictionBooksPage" name="AddBooksToCart" time="13.2"/>
  <testcase classname="org.execution.TC06_CartPage" name="CartPage" time="6.221"/>
  <testcase classname="org.execution.TC07_ShipingPage" name="Validate_Shpping_page" time="5.072"/>
  <testcase classname="org.execution.TC07_ShipingPage" name="EnterShippingDetails" time="23.288"/>
  <testcase classname="org.execution.TC08_AgainLoginPage" name="ValidateHomePage" time="1.363"/>
</testsuite> <!-- Test -->
