<?xml version="1.0" encoding="UTF-8"?>
<!-- Generated by org.testng.reporters.JUnitXMLReporter -->
<testsuite ignored="0" hostname="LAPTOP-CNDP6MT4" failures="0" tests="11" name="Test" time="9.328" errors="0" timestamp="22 Aug 2024 10:42:01 GMT">
  <testcase classname="org.execution.TC01_SauceLoginPage" name="Browser" time="5.455"/>
  <testcase classname="org.execution.TC01_SauceLoginPage" name="Validate_Credentials" time="0.099"/>
  <testcase classname="org.execution.TC01_SauceLoginPage" name="LoginCredentials" time="1.517"/>
  <testcase classname="org.execution.TC02_ProductPage" name="ValidateProductPage" time="0.109"/>
  <testcase classname="org.execution.TC02_ProductPage" name="ProductSelection" time="0.604"/>
  <testcase classname="org.execution.TC03_CheckoutPage" name="Validate_Check_Out" time="0.064"/>
  <testcase classname="org.execution.TC03_CheckoutPage" name="Checkout" time="0.176"/>
  <testcase classname="org.execution.TC04_InformationPage" name="ValidateInformationPage" time="0.103"/>
  <testcase classname="org.execution.TC04_InformationPage" name="YourInformation" time="0.673"/>
  <testcase classname="org.execution.TC05_OverviewPage" name="OrderConfirmation" time="0.37"/>
  <testcase classname="org.execution.TC06_FinishPage" name="ValidateFinishPage" time="0.108"/>
</testsuite> <!-- Test -->
