<?xml version="1.0" encoding="UTF-8"?>
<!-- Generated by org.testng.reporters.JUnitXMLReporter -->
<testsuite ignored="0" hostname="LAPTOP-CNDP6MT4" failures="0" tests="6" name="Default test" time="4.951" errors="0" timestamp="17 Aug 2024 19:31:35 GMT">
  <testcase classname="org.execution.TC01_SauceLoginPage" name="Browser" time="2.621"/>
  <testcase classname="org.execution.TC01_SauceLoginPage" name="Validate_Credentials" time="0.105"/>
  <testcase classname="org.execution.TC01_SauceLoginPage" name="LoginCredentials" time="1.3"/>
  <testcase classname="org.execution.TC02_ProductPage" name="ValidateProductPage" time="0.108"/>
  <testcase classname="org.execution.TC02_ProductPage" name="ProductSelection" time="0.72"/>
  <testcase classname="org.execution.TC03_CheckoutPage" name="Validate_Check_Out" time="0.052"/>
</testsuite> <!-- Default test -->
